<?xml version="1.0" encoding="UTF-8"?>
<!-- Generated by org.testng.reporters.JUnitXMLReporter -->
<testsuite ignored="0" hostname="DESKTOP-FFP2A00" failures="1" tests="1" name="EdgeTest" time="15.249" errors="0" timestamp="2023-02-12T20:20:09 EST">
  <testcase classname="testCases.TC_001_AccountRegistrationTest" name="test_account_registration" time="3.428">
    <failure type="java.lang.AssertionError" message="null">
      <![CDATA[java.lang.AssertionError: null
at testCases.TC_001_AccountRegistrationTest.test_account_registration(TC_001_AccountRegistrationTest.java:43)
at java.base/java.util.ArrayList.forEach(ArrayList.java:1511)
... Removed 29 stack frames]]>
    </failure>
  </testcase> <!-- test_account_registration -->
</testsuite> <!-- EdgeTest -->
